[INFO ][20180110 18:53:27,124][AbstractApplicationContext:589] Refreshing org.springframework.context.support.ClassPathXmlApplicationContext@43556938: startup date [Wed Jan 10 18:53:27 CST 2018]; root of context hierarchy
[INFO ][20180110 18:53:27,185][XmlBeanDefinitionReader:316] Loading XML bean definitions from class path resource [spring/spring-rabbitmq-receive.xml]
[INFO ][20180110 18:53:27,550][DefaultLifecycleProcessor$LifecycleGroup:353] Starting beans in phase 2147483647
[INFO ][20180110 18:53:27,603][AbstractConnectionFactory:392] Created new connection: cachingConnectionFactory#701fc37a:0/SimpleConnection@a14395f [delegate=amqp://kevin@127.0.0.1:5672/, localPort= 5544]
[WARN ][20180110 18:53:27,618][BlockingQueueConsumer:659] Failed to declare queue: spring.queue.async
[WARN ][20180110 18:53:27,618][BlockingQueueConsumer:573] Queue declaration failed; retries left=3
org.springframework.amqp.rabbit.listener.BlockingQueueConsumer$DeclarationException: Failed to declare queue(s):[spring.queue.async]
	at org.springframework.amqp.rabbit.listener.BlockingQueueConsumer.attemptPassiveDeclarations(BlockingQueueConsumer.java:665)
	at org.springframework.amqp.rabbit.listener.BlockingQueueConsumer.start(BlockingQueueConsumer.java:564)
	at org.springframework.amqp.rabbit.listener.SimpleMessageListenerContainer$AsyncMessageProcessingConsumer.run(SimpleMessageListenerContainer.java:900)
	at java.lang.Thread.run(Thread.java:748)
Caused by: java.io.IOException
	at com.rabbitmq.client.impl.AMQChannel.wrap(AMQChannel.java:124)
	at com.rabbitmq.client.impl.AMQChannel.wrap(AMQChannel.java:120)
	at com.rabbitmq.client.impl.AMQChannel.exnWrappingRpc(AMQChannel.java:142)
	at com.rabbitmq.client.impl.ChannelN.queueDeclarePassive(ChannelN.java:996)
	at com.rabbitmq.client.impl.ChannelN.queueDeclarePassive(ChannelN.java:53)
	at sun.reflect.NativeMethodAccessorImpl.invoke0(Native Method)
	at sun.reflect.NativeMethodAccessorImpl.invoke(NativeMethodAccessorImpl.java:62)
	at sun.reflect.DelegatingMethodAccessorImpl.invoke(DelegatingMethodAccessorImpl.java:43)
	at java.lang.reflect.Method.invoke(Method.java:498)
	at org.springframework.amqp.rabbit.connection.CachingConnectionFactory$CachedChannelInvocationHandler.invoke(CachingConnectionFactory.java:904)
	at com.sun.proxy.$Proxy5.queueDeclarePassive(Unknown Source)
	at org.springframework.amqp.rabbit.listener.BlockingQueueConsumer.attemptPassiveDeclarations(BlockingQueueConsumer.java:644)
	... 3 more
Caused by: com.rabbitmq.client.ShutdownSignalException: channel error; protocol method: #method<channel.close>(reply-code=404, reply-text=NOT_FOUND - no queue 'spring.queue.async' in vhost '/', class-id=50, method-id=10)
	at com.rabbitmq.utility.ValueOrException.getValue(ValueOrException.java:66)
	at com.rabbitmq.utility.BlockingValueOrException.uninterruptibleGetValue(BlockingValueOrException.java:36)
	at com.rabbitmq.client.impl.AMQChannel$BlockingRpcContinuation.getReply(AMQChannel.java:443)
	at com.rabbitmq.client.impl.AMQChannel.privateRpc(AMQChannel.java:263)
	at com.rabbitmq.client.impl.AMQChannel.exnWrappingRpc(AMQChannel.java:136)
	... 12 more
Caused by: com.rabbitmq.client.ShutdownSignalException: channel error; protocol method: #method<channel.close>(reply-code=404, reply-text=NOT_FOUND - no queue 'spring.queue.async' in vhost '/', class-id=50, method-id=10)
	at com.rabbitmq.client.impl.ChannelN.asyncShutdown(ChannelN.java:509)
	at com.rabbitmq.client.impl.ChannelN.processAsync(ChannelN.java:340)
	at com.rabbitmq.client.impl.AMQChannel.handleCompleteInboundCommand(AMQChannel.java:162)
	at com.rabbitmq.client.impl.AMQChannel.handleFrame(AMQChannel.java:109)
	at com.rabbitmq.client.impl.AMQConnection.readFrame(AMQConnection.java:643)
	at com.rabbitmq.client.impl.AMQConnection.access$300(AMQConnection.java:47)
	at com.rabbitmq.client.impl.AMQConnection$MainLoop.run(AMQConnection.java:581)
	... 1 more
[WARN ][20180110 18:53:32,621][BlockingQueueConsumer:659] Failed to declare queue: spring.queue.async
[WARN ][20180110 18:53:32,621][BlockingQueueConsumer:573] Queue declaration failed; retries left=2
org.springframework.amqp.rabbit.listener.BlockingQueueConsumer$DeclarationException: Failed to declare queue(s):[spring.queue.async]
	at org.springframework.amqp.rabbit.listener.BlockingQueueConsumer.attemptPassiveDeclarations(BlockingQueueConsumer.java:665)
	at org.springframework.amqp.rabbit.listener.BlockingQueueConsumer.start(BlockingQueueConsumer.java:564)
	at org.springframework.amqp.rabbit.listener.SimpleMessageListenerContainer$AsyncMessageProcessingConsumer.run(SimpleMessageListenerContainer.java:900)
	at java.lang.Thread.run(Thread.java:748)
Caused by: java.io.IOException
	at com.rabbitmq.client.impl.AMQChannel.wrap(AMQChannel.java:124)
	at com.rabbitmq.client.impl.AMQChannel.wrap(AMQChannel.java:120)
	at com.rabbitmq.client.impl.AMQChannel.exnWrappingRpc(AMQChannel.java:142)
	at com.rabbitmq.client.impl.ChannelN.queueDeclarePassive(ChannelN.java:996)
	at com.rabbitmq.client.impl.ChannelN.queueDeclarePassive(ChannelN.java:53)
	at sun.reflect.NativeMethodAccessorImpl.invoke0(Native Method)
	at sun.reflect.NativeMethodAccessorImpl.invoke(NativeMethodAccessorImpl.java:62)
	at sun.reflect.DelegatingMethodAccessorImpl.invoke(DelegatingMethodAccessorImpl.java:43)
	at java.lang.reflect.Method.invoke(Method.java:498)
	at org.springframework.amqp.rabbit.connection.CachingConnectionFactory$CachedChannelInvocationHandler.invoke(CachingConnectionFactory.java:904)
	at com.sun.proxy.$Proxy5.queueDeclarePassive(Unknown Source)
	at org.springframework.amqp.rabbit.listener.BlockingQueueConsumer.attemptPassiveDeclarations(BlockingQueueConsumer.java:644)
	... 3 more
Caused by: com.rabbitmq.client.ShutdownSignalException: channel error; protocol method: #method<channel.close>(reply-code=404, reply-text=NOT_FOUND - no queue 'spring.queue.async' in vhost '/', class-id=50, method-id=10)
	at com.rabbitmq.utility.ValueOrException.getValue(ValueOrException.java:66)
	at com.rabbitmq.utility.BlockingValueOrException.uninterruptibleGetValue(BlockingValueOrException.java:36)
	at com.rabbitmq.client.impl.AMQChannel$BlockingRpcContinuation.getReply(AMQChannel.java:443)
	at com.rabbitmq.client.impl.AMQChannel.privateRpc(AMQChannel.java:263)
	at com.rabbitmq.client.impl.AMQChannel.exnWrappingRpc(AMQChannel.java:136)
	... 12 more
Caused by: com.rabbitmq.client.ShutdownSignalException: channel error; protocol method: #method<channel.close>(reply-code=404, reply-text=NOT_FOUND - no queue 'spring.queue.async' in vhost '/', class-id=50, method-id=10)
	at com.rabbitmq.client.impl.ChannelN.asyncShutdown(ChannelN.java:509)
	at com.rabbitmq.client.impl.ChannelN.processAsync(ChannelN.java:340)
	at com.rabbitmq.client.impl.AMQChannel.handleCompleteInboundCommand(AMQChannel.java:162)
	at com.rabbitmq.client.impl.AMQChannel.handleFrame(AMQChannel.java:109)
	at com.rabbitmq.client.impl.AMQConnection.readFrame(AMQConnection.java:643)
	at com.rabbitmq.client.impl.AMQConnection.access$300(AMQConnection.java:47)
	at com.rabbitmq.client.impl.AMQConnection$MainLoop.run(AMQConnection.java:581)
	... 1 more
[WARN ][20180110 18:53:37,635][BlockingQueueConsumer:659] Failed to declare queue: spring.queue.async
[WARN ][20180110 18:53:37,635][BlockingQueueConsumer:573] Queue declaration failed; retries left=1
org.springframework.amqp.rabbit.listener.BlockingQueueConsumer$DeclarationException: Failed to declare queue(s):[spring.queue.async]
	at org.springframework.amqp.rabbit.listener.BlockingQueueConsumer.attemptPassiveDeclarations(BlockingQueueConsumer.java:665)
	at org.springframework.amqp.rabbit.listener.BlockingQueueConsumer.start(BlockingQueueConsumer.java:564)
	at org.springframework.amqp.rabbit.listener.SimpleMessageListenerContainer$AsyncMessageProcessingConsumer.run(SimpleMessageListenerContainer.java:900)
	at java.lang.Thread.run(Thread.java:748)
Caused by: java.io.IOException
	at com.rabbitmq.client.impl.AMQChannel.wrap(AMQChannel.java:124)
	at com.rabbitmq.client.impl.AMQChannel.wrap(AMQChannel.java:120)
	at com.rabbitmq.client.impl.AMQChannel.exnWrappingRpc(AMQChannel.java:142)
	at com.rabbitmq.client.impl.ChannelN.queueDeclarePassive(ChannelN.java:996)
	at com.rabbitmq.client.impl.ChannelN.queueDeclarePassive(ChannelN.java:53)
	at sun.reflect.NativeMethodAccessorImpl.invoke0(Native Method)
	at sun.reflect.NativeMethodAccessorImpl.invoke(NativeMethodAccessorImpl.java:62)
	at sun.reflect.DelegatingMethodAccessorImpl.invoke(DelegatingMethodAccessorImpl.java:43)
	at java.lang.reflect.Method.invoke(Method.java:498)
	at org.springframework.amqp.rabbit.connection.CachingConnectionFactory$CachedChannelInvocationHandler.invoke(CachingConnectionFactory.java:904)
	at com.sun.proxy.$Proxy5.queueDeclarePassive(Unknown Source)
	at org.springframework.amqp.rabbit.listener.BlockingQueueConsumer.attemptPassiveDeclarations(BlockingQueueConsumer.java:644)
	... 3 more
Caused by: com.rabbitmq.client.ShutdownSignalException: channel error; protocol method: #method<channel.close>(reply-code=404, reply-text=NOT_FOUND - no queue 'spring.queue.async' in vhost '/', class-id=50, method-id=10)
	at com.rabbitmq.utility.ValueOrException.getValue(ValueOrException.java:66)
	at com.rabbitmq.utility.BlockingValueOrException.uninterruptibleGetValue(BlockingValueOrException.java:36)
	at com.rabbitmq.client.impl.AMQChannel$BlockingRpcContinuation.getReply(AMQChannel.java:443)
	at com.rabbitmq.client.impl.AMQChannel.privateRpc(AMQChannel.java:263)
	at com.rabbitmq.client.impl.AMQChannel.exnWrappingRpc(AMQChannel.java:136)
	... 12 more
Caused by: com.rabbitmq.client.ShutdownSignalException: channel error; protocol method: #method<channel.close>(reply-code=404, reply-text=NOT_FOUND - no queue 'spring.queue.async' in vhost '/', class-id=50, method-id=10)
	at com.rabbitmq.client.impl.ChannelN.asyncShutdown(ChannelN.java:509)
	at com.rabbitmq.client.impl.ChannelN.processAsync(ChannelN.java:340)
	at com.rabbitmq.client.impl.AMQChannel.handleCompleteInboundCommand(AMQChannel.java:162)
	at com.rabbitmq.client.impl.AMQChannel.handleFrame(AMQChannel.java:109)
	at com.rabbitmq.client.impl.AMQConnection.readFrame(AMQConnection.java:643)
	at com.rabbitmq.client.impl.AMQConnection.access$300(AMQConnection.java:47)
	at com.rabbitmq.client.impl.AMQConnection$MainLoop.run(AMQConnection.java:581)
	... 1 more
[INFO ][20180110 18:53:44,023][AbstractApplicationContext:589] Refreshing org.springframework.context.support.ClassPathXmlApplicationContext@43556938: startup date [Wed Jan 10 18:53:44 CST 2018]; root of context hierarchy
[INFO ][20180110 18:53:44,070][XmlBeanDefinitionReader:316] Loading XML bean definitions from class path resource [spring/spring-rabbitmq-send.xml]
[INFO ][20180110 18:53:44,641][AbstractConnectionFactory:392] Created new connection: cachingConnectionFactory#5e25a92e:0/SimpleConnection@223f3642 [delegate=amqp://kevin@127.0.0.1:5672/, localPort= 5572]
[INFO ][20180110 18:54:05,642][AbstractApplicationContext:589] Refreshing org.springframework.context.support.ClassPathXmlApplicationContext@43556938: startup date [Wed Jan 10 18:54:05 CST 2018]; root of context hierarchy
[INFO ][20180110 18:54:05,706][XmlBeanDefinitionReader:316] Loading XML bean definitions from class path resource [spring/spring-rabbitmq-receive.xml]
[INFO ][20180110 18:54:06,086][DefaultLifecycleProcessor$LifecycleGroup:353] Starting beans in phase 2147483647
[INFO ][20180110 18:54:06,225][AbstractConnectionFactory:392] Created new connection: cachingConnectionFactory#701fc37a:0/SimpleConnection@61938d3e [delegate=amqp://kevin@127.0.0.1:5672/, localPort= 5596]
